<?xml version="1.0" encoding="UTF-8"?>
<testng-results skipped="0" failed="0" ignored="0" total="1" passed="1">
  <reporter-output>
  </reporter-output>
  <suite name="Default suite" duration-ms="145" started-at="2017-11-05T13:39:41Z" finished-at="2017-11-05T13:39:42Z">
    <groups>
    </groups>
    <test name="Default test" duration-ms="145" started-at="2017-11-05T13:39:41Z" finished-at="2017-11-05T13:39:42Z">
      <class name="pack.Test2.Test123">
        <test-method status="PASS" signature="open()[pri:0, instance:pack.Test2.Test123@1686d1f]" name="open" duration-ms="19" started-at="2017-11-05T19:09:42Z" finished-at="2017-11-05T19:09:42Z">
          <reporter-output>
          </reporter-output>
        </test-method> <!-- open -->
      </class> <!-- pack.Test2.Test123 -->
    </test> <!-- Default test -->
  </suite> <!-- Default suite -->
</testng-results>
